{"source":"web","eventName":"page_view","payload":{"page_path":"/","page_query":""},"pageUrl":"http://localhost:3000/","ts":"2026-02-28T15:16:43.104Z"}
{"source":"web","eventName":"page_view","payload":{"page_path":"/search","page_query":"q=%D0%9A%D0%B8%D1%80%D0%BF%D0%B8%D1%87"},"pageUrl":"http://localhost:3000/search?q=%D0%9A%D0%B8%D1%80%D0%BF%D0%B8%D1%87","ts":"2026-02-28T15:20:22.656Z"}
{"source":"web","eventName":"search_results_viewed","payload":{"total_results":1,"category_id":"blocks","has_query":true},"pageUrl":"http://localhost:3000/search?q=%D0%9A%D0%B8%D1%80%D0%BF%D0%B8%D1%87","ts":"2026-02-28T15:20:29.003Z"}
{"source":"web","eventName":"product_card_viewed","payload":{"product_id":"kirpich-m150-zhyenyi","company_id":"c_mega_import","category_id":"blocks"},"pageUrl":"http://localhost:3000/search?q=%D0%9A%D0%B8%D1%80%D0%BF%D0%B8%D1%87","ts":"2026-02-28T15:20:29.056Z"}
{"source":"web","eventName":"product_card_viewed","payload":{"product_id":"kirpich-silikat-250-120-88","company_id":"c_mega_import","category_id":"blocks"},"pageUrl":"http://localhost:3000/search?q=%D0%9A%D0%B8%D1%80%D0%BF%D0%B8%D1%87","ts":"2026-02-28T15:20:29.056Z"}
{"source":"web","eventName":"page_view","payload":{"page_path":"/search","page_query":"q=%D0%91%D0%B5%D1%82%D0%BE%D0%BD"},"pageUrl":"http://localhost:3000/search?q=%D0%91%D0%B5%D1%82%D0%BE%D0%BD","ts":"2026-02-28T15:21:21.237Z"}
{"source":"web","eventName":"search_results_viewed","payload":{"total_results":1,"category_id":"concrete","has_query":true},"pageUrl":"http://localhost:3000/search?q=%D0%91%D0%B5%D1%82%D0%BE%D0%BD","ts":"2026-02-28T15:21:28.095Z"}
{"source":"web","eventName":"product_card_viewed","payload":{"product_id":"beton-m300-p3-w6","company_id":"c_mega_import","category_id":"concrete"},"pageUrl":"http://localhost:3000/search?q=%D0%91%D0%B5%D1%82%D0%BE%D0%BD","ts":"2026-02-28T15:21:28.162Z"}
{"source":"web","eventName":"page_view","payload":{"page_path":"/search","page_query":"q=%D0%9A%D0%B8%D1%80%D0%BF%D0%B8%D1%87"},"pageUrl":"http://localhost:3000/search?q=%D0%9A%D0%B8%D1%80%D0%BF%D0%B8%D1%87","ts":"2026-02-28T15:21:46.218Z"}
{"source":"web","eventName":"search_results_viewed","payload":{"total_results":1,"category_id":"blocks","has_query":true},"pageUrl":"http://localhost:3000/search?q=%D0%9A%D0%B8%D1%80%D0%BF%D0%B8%D1%87","ts":"2026-02-28T15:21:52.093Z"}
{"source":"web","eventName":"product_card_viewed","payload":{"product_id":"kirpich-m150-zhyenyi","company_id":"c_mega_import","category_id":"blocks"},"pageUrl":"http://localhost:3000/search?q=%D0%9A%D0%B8%D1%80%D0%BF%D0%B8%D1%87","ts":"2026-02-28T15:21:52.141Z"}
{"source":"web","eventName":"product_card_viewed","payload":{"product_id":"kirpich-silikat-250-120-88","company_id":"c_mega_import","category_id":"blocks"},"pageUrl":"http://localhost:3000/search?q=%D0%9A%D0%B8%D1%80%D0%BF%D0%B8%D1%87","ts":"2026-02-28T15:21:52.142Z"}
{"source":"web","eventName":"page_view","payload":{"page_path":"/search","page_query":"q=%D0%9A%D0%B8%D1%80%D0%BF%D0%B8%D1%87"},"pageUrl":"http://localhost:3000/search?q=%D0%9A%D0%B8%D1%80%D0%BF%D0%B8%D1%87","ts":"2026-02-28T15:21:59.253Z"}
{"source":"web","eventName":"search_results_viewed","payload":{"total_results":1,"category_id":"blocks","has_query":true},"pageUrl":"http://localhost:3000/search?q=%D0%9A%D0%B8%D1%80%D0%BF%D0%B8%D1%87","ts":"2026-02-28T15:22:05.925Z"}
{"source":"web","eventName":"product_card_viewed","payload":{"product_id":"kirpich-m150-zhyenyi","company_id":"c_mega_import","category_id":"blocks"},"pageUrl":"http://localhost:3000/search?q=%D0%9A%D0%B8%D1%80%D0%BF%D0%B8%D1%87","ts":"2026-02-28T15:22:05.971Z"}
{"source":"web","eventName":"product_card_viewed","payload":{"product_id":"kirpich-silikat-250-120-88","company_id":"c_mega_import","category_id":"blocks"},"pageUrl":"http://localhost:3000/search?q=%D0%9A%D0%B8%D1%80%D0%BF%D0%B8%D1%87","ts":"2026-02-28T15:22:05.972Z"}
{"source":"web","eventName":"page_view","payload":{"page_path":"/search","page_query":"q=%D0%90%D1%80%D0%BC%D0%B0%D1%82%D1%83%D1%80%D0%B0"},"pageUrl":"http://localhost:3000/search?q=%D0%90%D1%80%D0%BC%D0%B0%D1%82%D1%83%D1%80%D0%B0","ts":"2026-02-28T15:22:19.229Z"}
{"source":"web","eventName":"search_results_viewed","payload":{"total_results":3,"category_id":"rebar","has_query":true},"pageUrl":"http://localhost:3000/search?q=%D0%90%D1%80%D0%BC%D0%B0%D1%82%D1%83%D1%80%D0%B0","ts":"2026-02-28T15:22:25.934Z"}
{"source":"web","eventName":"product_card_viewed","payload":{"product_id":"armatura-a3-10mm","company_id":"c_mega_import","category_id":"rebar"},"pageUrl":"http://localhost:3000/search?q=%D0%90%D1%80%D0%BC%D0%B0%D1%82%D1%83%D1%80%D0%B0","ts":"2026-02-28T15:22:25.989Z"}
{"source":"web","eventName":"product_card_viewed","payload":{"product_id":"armatura-a3-12mm","company_id":"cmm6dg3ub0009f2l6i5kdyu50","category_id":"rebar"},"pageUrl":"http://localhost:3000/search?q=%D0%90%D1%80%D0%BC%D0%B0%D1%82%D1%83%D1%80%D0%B0","ts":"2026-02-28T15:22:25.990Z"}
{"source":"web","eventName":"product_card_viewed","payload":{"product_id":"armatura-a3-16mm","company_id":"c_mega_import","category_id":"rebar"},"pageUrl":"http://localhost:3000/search?q=%D0%90%D1%80%D0%BC%D0%B0%D1%82%D1%83%D1%80%D0%B0","ts":"2026-02-28T15:22:25.991Z"}
{"source":"web","eventName":"search_submitted","payload":{"query_length":8,"source":"search_page"},"pageUrl":"http://localhost:3000/search?q=%D0%90%D1%80%D0%BC%D0%B0%D1%82%D1%83%D1%80%D0%B0","ts":"2026-02-28T15:23:09.058Z"}
{"source":"web","eventName":"page_view","payload":{"page_path":"/search","page_query":"q=%D0%90%D1%80%D0%BC%D0%B0%D1%82%D1%83%D1%80%D0%B0"},"pageUrl":"http://localhost:3000/search?q=%D0%90%D1%80%D0%BC%D0%B0%D1%82%D1%83%D1%80%D0%B0","ts":"2026-02-28T15:23:09.778Z"}
{"source":"web","eventName":"search_results_viewed","payload":{"total_results":3,"category_id":"rebar","has_query":true},"pageUrl":"http://localhost:3000/search?q=%D0%90%D1%80%D0%BC%D0%B0%D1%82%D1%83%D1%80%D0%B0","ts":"2026-02-28T15:23:16.301Z"}
{"source":"web","eventName":"product_card_viewed","payload":{"product_id":"armatura-a3-10mm","company_id":"c_mega_import","category_id":"rebar"},"pageUrl":"http://localhost:3000/search?q=%D0%90%D1%80%D0%BC%D0%B0%D1%82%D1%83%D1%80%D0%B0","ts":"2026-02-28T15:23:16.364Z"}
{"source":"web","eventName":"product_card_viewed","payload":{"product_id":"armatura-a3-12mm","company_id":"cmm6dg3ub0009f2l6i5kdyu50","category_id":"rebar"},"pageUrl":"http://localhost:3000/search?q=%D0%90%D1%80%D0%BC%D0%B0%D1%82%D1%83%D1%80%D0%B0","ts":"2026-02-28T15:23:16.365Z"}
{"source":"web","eventName":"product_card_viewed","payload":{"product_id":"armatura-a3-16mm","company_id":"c_mega_import","category_id":"rebar"},"pageUrl":"http://localhost:3000/search?q=%D0%90%D1%80%D0%BC%D0%B0%D1%82%D1%83%D1%80%D0%B0","ts":"2026-02-28T15:23:16.366Z"}
{"source":"web","eventName":"page_view","payload":{"page_path":"/","page_query":"q=%D0%90%D1%80%D0%BC%D0%B0%D1%82%D1%83%D1%80%D0%B0"},"pageUrl":"http://localhost:3000/","ts":"2026-02-28T15:24:41.030Z"}
{"source":"web","eventName":"page_view","payload":{"page_path":"/search","page_query":"q=%D0%9A%D0%B8%D1%80%D0%BF%D0%B8%D1%87"},"pageUrl":"http://localhost:3000/search?q=%D0%9A%D0%B8%D1%80%D0%BF%D0%B8%D1%87","ts":"2026-02-28T15:25:25.799Z"}
{"source":"web","eventName":"search_results_viewed","payload":{"total_results":1,"category_id":"blocks","has_query":true},"pageUrl":"http://localhost:3000/search?q=%D0%9A%D0%B8%D1%80%D0%BF%D0%B8%D1%87","ts":"2026-02-28T15:25:34.271Z"}
{"source":"web","eventName":"product_card_viewed","payload":{"product_id":"kirpich-m150-zhyenyi","company_id":"c_mega_import","category_id":"blocks"},"pageUrl":"http://localhost:3000/search?q=%D0%9A%D0%B8%D1%80%D0%BF%D0%B8%D1%87","ts":"2026-02-28T15:25:34.354Z"}
{"source":"web","eventName":"product_card_viewed","payload":{"product_id":"kirpich-silikat-250-120-88","company_id":"c_mega_import","category_id":"blocks"},"pageUrl":"http://localhost:3000/search?q=%D0%9A%D0%B8%D1%80%D0%BF%D0%B8%D1%87","ts":"2026-02-28T15:25:34.355Z"}
{"source":"web","eventName":"search_results_viewed","payload":{"total_results":0,"category_id":"","has_query":true},"pageUrl":"http://localhost:3000/search?q=%D0%9E%D0%B1%D0%BB%D0%B8%D1%86%D0%BE%D0%B2%D0%BE%D1%87%D0%BD%D1%8B%D0%B9","ts":"2026-02-28T15:25:51.232Z"}
{"source":"web","eventName":"search_results_viewed","payload":{"total_results":1,"category_id":"blocks","has_query":true},"pageUrl":"http://localhost:3000/search?q=%D0%9A%D1%80%D0%B0%D1%81%D0%BD%D1%8B%D0%B9+%D0%BA%D0%B8%D1%80%D0%BF%D0%B8%D1%87","ts":"2026-02-28T15:27:18.641Z"}
{"source":"web","eventName":"search_results_viewed","payload":{"total_results":3,"category_id":"cement","has_query":true},"pageUrl":"http://localhost:3000/search?q=1000+%D1%88%D1%82","ts":"2026-02-28T15:27:38.647Z"}
{"source":"web","eventName":"product_card_viewed","payload":{"product_id":"knauf-rotband-30kg","company_id":"cmm6dgf7q000lf2l6mjn6flw1","category_id":"cement"},"pageUrl":"http://localhost:3000/search?q=1000+%D1%88%D1%82","ts":"2026-02-28T15:27:38.701Z"}
{"source":"web","eventName":"search_results_viewed","payload":{"total_results":1,"category_id":"blocks","has_query":true},"pageUrl":"http://localhost:3000/search?q=%D0%9A%D0%B8%D1%80%D0%BF%D0%B8%D1%87","ts":"2026-02-28T15:28:21.522Z"}
{"source":"web","eventName":"search_results_viewed","payload":{"total_results":1,"category_id":"blocks","has_query":true},"pageUrl":"http://localhost:3000/search?q=%D0%9A%D0%B8%D1%80%D0%BF%D0%B8%D1%87","ts":"2026-02-28T15:28:37.465Z"}
{"source":"web","eventName":"product_card_viewed","payload":{"product_id":"kirpich-m150-zhyenyi","company_id":"c_mega_import","category_id":"blocks"},"pageUrl":"http://localhost:3000/search?q=%D0%9A%D0%B8%D1%80%D0%BF%D0%B8%D1%87","ts":"2026-02-28T15:28:37.498Z"}
{"source":"web","eventName":"product_card_viewed","payload":{"product_id":"kirpich-silikat-250-120-88","company_id":"c_mega_import","category_id":"blocks"},"pageUrl":"http://localhost:3000/search?q=%D0%9A%D0%B8%D1%80%D0%BF%D0%B8%D1%87","ts":"2026-02-28T15:28:37.500Z"}
{"source":"web","eventName":"page_view","payload":{"page_path":"/search","page_query":"q=%D0%90%D1%80%D0%BC%D0%B0%D1%82%D1%83%D1%80%D0%B0"},"pageUrl":"http://localhost:3000/search?q=%D0%90%D1%80%D0%BC%D0%B0%D1%82%D1%83%D1%80%D0%B0","ts":"2026-02-28T15:29:57.053Z"}
{"source":"web","eventName":"search_results_viewed","payload":{"total_results":3,"category_id":"rebar","has_query":true},"pageUrl":"http://localhost:3000/search?q=%D0%90%D1%80%D0%BC%D0%B0%D1%82%D1%83%D1%80%D0%B0","ts":"2026-02-28T15:30:02.738Z"}
{"source":"web","eventName":"product_card_viewed","payload":{"product_id":"armatura-a3-10mm","company_id":"c_mega_import","category_id":"rebar"},"pageUrl":"http://localhost:3000/search?q=%D0%90%D1%80%D0%BC%D0%B0%D1%82%D1%83%D1%80%D0%B0","ts":"2026-02-28T15:30:02.781Z"}
{"source":"web","eventName":"product_card_viewed","payload":{"product_id":"armatura-a3-12mm","company_id":"cmm6dg3ub0009f2l6i5kdyu50","category_id":"rebar"},"pageUrl":"http://localhost:3000/search?q=%D0%90%D1%80%D0%BC%D0%B0%D1%82%D1%83%D1%80%D0%B0","ts":"2026-02-28T15:30:02.782Z"}
{"source":"web","eventName":"product_card_viewed","payload":{"product_id":"armatura-a3-16mm","company_id":"c_mega_import","category_id":"rebar"},"pageUrl":"http://localhost:3000/search?q=%D0%90%D1%80%D0%BC%D0%B0%D1%82%D1%83%D1%80%D0%B0","ts":"2026-02-28T15:30:02.782Z"}
{"source":"web","eventName":"page_view","payload":{"page_path":"/catalog/metalloprokat","page_query":"q=%D0%90%D1%80%D0%BC%D0%B0%D1%82%D1%83%D1%80%D0%B0"},"pageUrl":"http://localhost:3000/catalog/metalloprokat","ts":"2026-02-28T15:30:34.546Z"}
{"source":"web","eventName":"page_view","payload":{"page_path":"/search","page_query":"q=%D0%90%D1%80%D0%BC%D0%B0%D1%82%D1%83%D1%80%D0%B0"},"pageUrl":"http://localhost:3000/search?q=%D0%90%D1%80%D0%BC%D0%B0%D1%82%D1%83%D1%80%D0%B0","ts":"2026-02-28T15:30:43.769Z"}
{"source":"web","eventName":"search_results_viewed","payload":{"total_results":3,"category_id":"rebar","has_query":true},"pageUrl":"http://localhost:3000/search?q=%D0%90%D1%80%D0%BC%D0%B0%D1%82%D1%83%D1%80%D0%B0","ts":"2026-02-28T15:30:51.989Z"}
{"source":"web","eventName":"product_card_viewed","payload":{"product_id":"armatura-a3-10mm","company_id":"c_mega_import","category_id":"rebar"},"pageUrl":"http://localhost:3000/search?q=%D0%90%D1%80%D0%BC%D0%B0%D1%82%D1%83%D1%80%D0%B0","ts":"2026-02-28T15:30:52.016Z"}
{"source":"web","eventName":"product_card_viewed","payload":{"product_id":"armatura-a3-12mm","company_id":"cmm6dg3ub0009f2l6i5kdyu50","category_id":"rebar"},"pageUrl":"http://localhost:3000/search?q=%D0%90%D1%80%D0%BC%D0%B0%D1%82%D1%83%D1%80%D0%B0","ts":"2026-02-28T15:30:52.017Z"}
{"source":"web","eventName":"product_card_viewed","payload":{"product_id":"armatura-a3-16mm","company_id":"c_mega_import","category_id":"rebar"},"pageUrl":"http://localhost:3000/search?q=%D0%90%D1%80%D0%BC%D0%B0%D1%82%D1%83%D1%80%D0%B0","ts":"2026-02-28T15:30:52.019Z"}
{"source":"web","eventName":"page_view","payload":{"page_path":"/search","page_query":"category=metalloprokat&q=%D0%90%D1%80%D0%BC%D0%B0%D1%82%D1%83%D1%80%D0%B0"},"pageUrl":"http://localhost:3000/search?category=metalloprokat&q=%D0%90%D1%80%D0%BC%D0%B0%D1%82%D1%83%D1%80%D0%B0","ts":"2026-02-28T15:31:12.714Z"}
{"source":"web","eventName":"search_results_viewed","payload":{"total_results":3,"category_id":"metalloprokat","has_query":true},"pageUrl":"http://localhost:3000/search?category=metalloprokat&q=%D0%90%D1%80%D0%BC%D0%B0%D1%82%D1%83%D1%80%D0%B0","ts":"2026-02-28T15:31:17.325Z"}
{"source":"web","eventName":"product_card_viewed","payload":{"product_id":"armatura-a3-10mm","company_id":"c_mega_import","category_id":"metalloprokat"},"pageUrl":"http://localhost:3000/search?category=metalloprokat&q=%D0%90%D1%80%D0%BC%D0%B0%D1%82%D1%83%D1%80%D0%B0","ts":"2026-02-28T15:31:17.371Z"}
{"source":"web","eventName":"product_card_viewed","payload":{"product_id":"armatura-a3-12mm","company_id":"cmm6dg3ub0009f2l6i5kdyu50","category_id":"metalloprokat"},"pageUrl":"http://localhost:3000/search?category=metalloprokat&q=%D0%90%D1%80%D0%BC%D0%B0%D1%82%D1%83%D1%80%D0%B0","ts":"2026-02-28T15:31:17.372Z"}
{"source":"web","eventName":"product_card_viewed","payload":{"product_id":"truba-prof-40-20-2mm","company_id":"c_mega_import","category_id":"metalloprokat"},"pageUrl":"http://localhost:3000/search?category=metalloprokat&q=%D0%90%D1%80%D0%BC%D0%B0%D1%82%D1%83%D1%80%D0%B0","ts":"2026-02-28T15:31:17.372Z"}
{"source":"web","eventName":"product_card_viewed","payload":{"product_id":"armatura-a3-16mm","company_id":"c_mega_import","category_id":"metalloprokat"},"pageUrl":"http://localhost:3000/search?category=metalloprokat&q=%D0%90%D1%80%D0%BC%D0%B0%D1%82%D1%83%D1%80%D0%B0","ts":"2026-02-28T15:31:17.374Z"}
{"source":"web","eventName":"product_card_viewed","payload":{"product_id":"truba-prof-40-40-2mm","company_id":"c_mega_import","category_id":"metalloprokat"},"pageUrl":"http://localhost:3000/search?category=metalloprokat&q=%D0%90%D1%80%D0%BC%D0%B0%D1%82%D1%83%D1%80%D0%B0","ts":"2026-02-28T15:31:17.375Z"}
{"source":"web","eventName":"product_card_viewed","payload":{"product_id":"truba-prof-60-40-2mm","company_id":"c_mega_import","category_id":"metalloprokat"},"pageUrl":"http://localhost:3000/search?category=metalloprokat&q=%D0%90%D1%80%D0%BC%D0%B0%D1%82%D1%83%D1%80%D0%B0","ts":"2026-02-28T15:31:17.376Z"}
{"source":"web","eventName":"product_card_viewed","payload":{"product_id":"truba-prof-80-80-3mm","company_id":"c_mega_import","category_id":"metalloprokat"},"pageUrl":"http://localhost:3000/search?category=metalloprokat&q=%D0%90%D1%80%D0%BC%D0%B0%D1%82%D1%83%D1%80%D0%B0","ts":"2026-02-28T15:31:17.378Z"}
{"source":"web","eventName":"page_view","payload":{"page_path":"/search","page_query":"q=%D0%9A%D0%B8%D1%80%D0%BF%D0%B8%D1%87"},"pageUrl":"http://localhost:3000/search?q=%D0%9A%D0%B8%D1%80%D0%BF%D0%B8%D1%87","ts":"2026-02-28T15:32:56.630Z"}
{"source":"web","eventName":"search_results_viewed","payload":{"total_results":1,"category_id":"blocks","has_query":true},"pageUrl":"http://localhost:3000/search?q=%D0%9A%D0%B8%D1%80%D0%BF%D0%B8%D1%87","ts":"2026-02-28T15:33:02.669Z"}
{"source":"web","eventName":"product_card_viewed","payload":{"product_id":"kirpich-m150-zhyenyi","company_id":"c_mega_import","category_id":"blocks"},"pageUrl":"http://localhost:3000/search?q=%D0%9A%D0%B8%D1%80%D0%BF%D0%B8%D1%87","ts":"2026-02-28T15:33:02.727Z"}
{"source":"web","eventName":"product_card_viewed","payload":{"product_id":"kirpich-silikat-250-120-88","company_id":"c_mega_import","category_id":"blocks"},"pageUrl":"http://localhost:3000/search?q=%D0%9A%D0%B8%D1%80%D0%BF%D0%B8%D1%87","ts":"2026-02-28T15:33:02.729Z"}
{"source":"web","eventName":"page_view","payload":{"page_path":"/search","page_query":"q=%D0%90%D1%80%D0%BC%D0%B0%D1%82%D1%83%D1%80%D0%B0%2012%D0%BC%D0%BC"},"pageUrl":"http://localhost:3000/search?q=%D0%90%D1%80%D0%BC%D0%B0%D1%82%D1%83%D1%80%D0%B0%2012%D0%BC%D0%BC","ts":"2026-02-28T15:33:28.045Z"}
{"source":"web","eventName":"search_results_viewed","payload":{"total_results":3,"category_id":"rebar","has_query":true},"pageUrl":"http://localhost:3000/search?q=%D0%90%D1%80%D0%BC%D0%B0%D1%82%D1%83%D1%80%D0%B0%2012%D0%BC%D0%BC","ts":"2026-02-28T15:33:35.270Z"}
{"source":"web","eventName":"product_card_viewed","payload":{"product_id":"armatura-a3-10mm","company_id":"c_mega_import","category_id":"rebar"},"pageUrl":"http://localhost:3000/search?q=%D0%90%D1%80%D0%BC%D0%B0%D1%82%D1%83%D1%80%D0%B0%2012%D0%BC%D0%BC","ts":"2026-02-28T15:33:35.332Z"}
{"source":"web","eventName":"product_card_viewed","payload":{"product_id":"armatura-a3-12mm","company_id":"cmm6dg3ub0009f2l6i5kdyu50","category_id":"rebar"},"pageUrl":"http://localhost:3000/search?q=%D0%90%D1%80%D0%BC%D0%B0%D1%82%D1%83%D1%80%D0%B0%2012%D0%BC%D0%BC","ts":"2026-02-28T15:33:35.334Z"}
{"source":"web","eventName":"product_card_viewed","payload":{"product_id":"armatura-a3-16mm","company_id":"c_mega_import","category_id":"rebar"},"pageUrl":"http://localhost:3000/search?q=%D0%90%D1%80%D0%BC%D0%B0%D1%82%D1%83%D1%80%D0%B0%2012%D0%BC%D0%BC","ts":"2026-02-28T15:33:35.335Z"}
{"source":"web","eventName":"product_card_viewed","payload":{"product_id":"osb-3-12mm","company_id":"c_mega_import","category_id":"rebar"},"pageUrl":"http://localhost:3000/search?q=%D0%90%D1%80%D0%BC%D0%B0%D1%82%D1%83%D1%80%D0%B0%2012%D0%BC%D0%BC","ts":"2026-02-28T15:33:35.336Z"}
{"source":"web","eventName":"page_view","payload":{"page_path":"/search","page_query":"q=%D0%90%D1%80%D0%BC%D0%B0%D1%82%D1%83%D1%80%D0%B0"},"pageUrl":"http://localhost:3000/search?q=%D0%90%D1%80%D0%BC%D0%B0%D1%82%D1%83%D1%80%D0%B0","ts":"2026-02-28T15:36:33.310Z"}
{"source":"web","eventName":"search_results_viewed","payload":{"total_results":3,"category_id":"rebar","has_query":true},"pageUrl":"http://localhost:3000/search?q=%D0%90%D1%80%D0%BC%D0%B0%D1%82%D1%83%D1%80%D0%B0","ts":"2026-02-28T15:36:52.039Z"}
{"source":"web","eventName":"product_card_viewed","payload":{"product_id":"armatura-a3-10mm","company_id":"c_mega_import","category_id":"rebar"},"pageUrl":"http://localhost:3000/search?q=%D0%90%D1%80%D0%BC%D0%B0%D1%82%D1%83%D1%80%D0%B0","ts":"2026-02-28T15:36:52.250Z"}
{"source":"web","eventName":"product_card_viewed","payload":{"product_id":"armatura-a3-12mm","company_id":"cmm6dg3ub0009f2l6i5kdyu50","category_id":"rebar"},"pageUrl":"http://localhost:3000/search?q=%D0%90%D1%80%D0%BC%D0%B0%D1%82%D1%83%D1%80%D0%B0","ts":"2026-02-28T15:36:52.252Z"}
{"source":"web","eventName":"product_card_viewed","payload":{"product_id":"armatura-a3-16mm","company_id":"c_mega_import","category_id":"rebar"},"pageUrl":"http://localhost:3000/search?q=%D0%90%D1%80%D0%BC%D0%B0%D1%82%D1%83%D1%80%D0%B0","ts":"2026-02-28T15:36:52.253Z"}
{"source":"web","eventName":"page_view","payload":{"page_path":"/product/armatura-a3-12mm","page_query":""},"pageUrl":"http://localhost:3000/product/armatura-a3-12mm","ts":"2026-02-28T15:37:51.479Z"}
{"source":"web","eventName":"page_view","payload":{"page_path":"/search","page_query":"q=%D0%90%D1%80%D0%BC%D0%B0%D1%82%D1%83%D1%80%D0%B0"},"pageUrl":"http://localhost:3000/search?q=%D0%90%D1%80%D0%BC%D0%B0%D1%82%D1%83%D1%80%D0%B0","ts":"2026-02-28T15:38:08.232Z"}
{"source":"web","eventName":"search_results_viewed","payload":{"total_results":3,"category_id":"rebar","has_query":true},"pageUrl":"http://localhost:3000/search?q=%D0%90%D1%80%D0%BC%D0%B0%D1%82%D1%83%D1%80%D0%B0","ts":"2026-02-28T15:38:15.705Z"}
{"source":"web","eventName":"product_card_viewed","payload":{"product_id":"armatura-a3-10mm","company_id":"c_mega_import","category_id":"rebar"},"pageUrl":"http://localhost:3000/search?q=%D0%90%D1%80%D0%BC%D0%B0%D1%82%D1%83%D1%80%D0%B0","ts":"2026-02-28T15:38:15.880Z"}
{"source":"web","eventName":"product_card_viewed","payload":{"product_id":"armatura-a3-12mm","company_id":"cmm6dg3ub0009f2l6i5kdyu50","category_id":"rebar"},"pageUrl":"http://localhost:3000/search?q=%D0%90%D1%80%D0%BC%D0%B0%D1%82%D1%83%D1%80%D0%B0","ts":"2026-02-28T15:38:15.882Z"}
{"source":"web","eventName":"product_card_viewed","payload":{"product_id":"armatura-a3-16mm","company_id":"c_mega_import","category_id":"rebar"},"pageUrl":"http://localhost:3000/search?q=%D0%90%D1%80%D0%BC%D0%B0%D1%82%D1%83%D1%80%D0%B0","ts":"2026-02-28T15:38:15.887Z"}
{"source":"web","eventName":"page_view","payload":{"page_path":"/search","page_query":"q=%D0%90%D1%80%D0%BC%D0%B0%D1%82%D1%83%D1%80%D0%B0"},"pageUrl":"http://localhost:3000/search?q=%D0%90%D1%80%D0%BC%D0%B0%D1%82%D1%83%D1%80%D0%B0","ts":"2026-02-28T15:41:46.305Z"}
{"source":"web","eventName":"page_view","payload":{"page_path":"/search","page_query":"q=%D0%9A%D0%B8%D1%80%D0%BF%D0%B8%D1%87"},"pageUrl":"http://localhost:3000/search?q=%D0%9A%D0%B8%D1%80%D0%BF%D0%B8%D1%87","ts":"2026-02-28T15:41:46.609Z"}
{"source":"web","eventName":"page_view","payload":{"page_path":"/search","page_query":"q=%D0%90%D1%80%D0%BC%D0%B0%D1%82%D1%83%D1%80%D0%B0%2012%D0%BC%D0%BC"},"pageUrl":"http://localhost:3000/search?q=%D0%90%D1%80%D0%BC%D0%B0%D1%82%D1%83%D1%80%D0%B0%2012%D0%BC%D0%BC","ts":"2026-02-28T15:41:46.720Z"}
{"source":"web","eventName":"search_results_viewed","payload":{"total_results":1,"category_id":"blocks","has_query":true},"pageUrl":"http://localhost:3000/search?q=%D0%9A%D0%B8%D1%80%D0%BF%D0%B8%D1%87","ts":"2026-02-28T15:42:03.324Z"}
{"source":"web","eventName":"search_results_viewed","payload":{"total_results":3,"category_id":"rebar","has_query":true},"pageUrl":"http://localhost:3000/search?q=%D0%90%D1%80%D0%BC%D0%B0%D1%82%D1%83%D1%80%D0%B0","ts":"2026-02-28T15:42:03.371Z"}
{"source":"web","eventName":"product_card_viewed","payload":{"product_id":"kirpich-silikat-250-120-88","company_id":"c_mega_import","category_id":"blocks"},"pageUrl":"http://localhost:3000/search?q=%D0%9A%D0%B8%D1%80%D0%BF%D0%B8%D1%87","ts":"2026-02-28T15:42:03.493Z"}
{"source":"web","eventName":"product_card_viewed","payload":{"product_id":"armatura-a3-10mm","company_id":"c_mega_import","category_id":"rebar"},"pageUrl":"http://localhost:3000/search?q=%D0%90%D1%80%D0%BC%D0%B0%D1%82%D1%83%D1%80%D0%B0","ts":"2026-02-28T15:42:03.667Z"}
{"source":"web","eventName":"product_card_viewed","payload":{"product_id":"armatura-a3-12mm","company_id":"cmm6dg3ub0009f2l6i5kdyu50","category_id":"rebar"},"pageUrl":"http://localhost:3000/search?q=%D0%90%D1%80%D0%BC%D0%B0%D1%82%D1%83%D1%80%D0%B0","ts":"2026-02-28T15:42:03.673Z"}
{"source":"web","eventName":"product_card_viewed","payload":{"product_id":"armatura-a3-16mm","company_id":"c_mega_import","category_id":"rebar"},"pageUrl":"http://localhost:3000/search?q=%D0%90%D1%80%D0%BC%D0%B0%D1%82%D1%83%D1%80%D0%B0","ts":"2026-02-28T15:42:03.675Z"}
{"source":"web","eventName":"product_card_viewed","payload":{"product_id":"kirpich-m150-zhyenyi","company_id":"c_mega_import","category_id":"blocks"},"pageUrl":"http://localhost:3000/search?q=%D0%9A%D0%B8%D1%80%D0%BF%D0%B8%D1%87","ts":"2026-02-28T15:42:03.487Z"}
{"source":"web","eventName":"search_results_viewed","payload":{"total_results":3,"category_id":"rebar","has_query":true},"pageUrl":"http://localhost:3000/search?q=%D0%90%D1%80%D0%BC%D0%B0%D1%82%D1%83%D1%80%D0%B0%2012%D0%BC%D0%BC","ts":"2026-02-28T15:42:04.903Z"}
{"source":"web","eventName":"product_card_viewed","payload":{"product_id":"armatura-a3-10mm","company_id":"c_mega_import","category_id":"rebar"},"pageUrl":"http://localhost:3000/search?q=%D0%90%D1%80%D0%BC%D0%B0%D1%82%D1%83%D1%80%D0%B0%2012%D0%BC%D0%BC","ts":"2026-02-28T15:42:05.283Z"}
{"source":"web","eventName":"product_card_viewed","payload":{"product_id":"armatura-a3-12mm","company_id":"cmm6dg3ub0009f2l6i5kdyu50","category_id":"rebar"},"pageUrl":"http://localhost:3000/search?q=%D0%90%D1%80%D0%BC%D0%B0%D1%82%D1%83%D1%80%D0%B0%2012%D0%BC%D0%BC","ts":"2026-02-28T15:42:05.286Z"}
{"source":"web","eventName":"product_card_viewed","payload":{"product_id":"armatura-a3-16mm","company_id":"c_mega_import","category_id":"rebar"},"pageUrl":"http://localhost:3000/search?q=%D0%90%D1%80%D0%BC%D0%B0%D1%82%D1%83%D1%80%D0%B0%2012%D0%BC%D0%BC","ts":"2026-02-28T15:42:05.289Z"}
{"source":"web","eventName":"product_card_viewed","payload":{"product_id":"osb-3-12mm","company_id":"c_mega_import","category_id":"rebar"},"pageUrl":"http://localhost:3000/search?q=%D0%90%D1%80%D0%BC%D0%B0%D1%82%D1%83%D1%80%D0%B0%2012%D0%BC%D0%BC","ts":"2026-02-28T15:42:05.292Z"}
{"source":"web","eventName":"page_view","payload":{"page_path":"/","page_query":""},"pageUrl":"http://localhost:3000/","ts":"2026-02-28T15:46:09.875Z"}
{"source":"web","eventName":"page_view","payload":{"page_path":"/catalog/metalloprokat","page_query":""},"pageUrl":"http://localhost:3000/catalog/metalloprokat","ts":"2026-02-28T15:47:32.926Z"}
{"source":"web","eventName":"page_view","payload":{"page_path":"/search","page_query":"q=%D0%90%D1%80%D0%BC%D0%B0%D1%82%D1%83%D1%80%D0%B0"},"pageUrl":"http://localhost:3000/search?q=%D0%90%D1%80%D0%BC%D0%B0%D1%82%D1%83%D1%80%D0%B0","ts":"2026-02-28T15:49:08.207Z"}
{"source":"web","eventName":"search_results_viewed","payload":{"total_results":3,"category_id":"rebar","has_query":true},"pageUrl":"http://localhost:3000/search?q=%D0%90%D1%80%D0%BC%D0%B0%D1%82%D1%83%D1%80%D0%B0","ts":"2026-02-28T15:49:36.705Z"}
{"source":"web","eventName":"product_card_viewed","payload":{"product_id":"armatura-a3-10mm","company_id":"c_mega_import","category_id":"rebar"},"pageUrl":"http://localhost:3000/search?q=%D0%90%D1%80%D0%BC%D0%B0%D1%82%D1%83%D1%80%D0%B0","ts":"2026-02-28T15:49:36.816Z"}
{"source":"web","eventName":"product_card_viewed","payload":{"product_id":"armatura-a3-12mm","company_id":"cmm6dg3ub0009f2l6i5kdyu50","category_id":"rebar"},"pageUrl":"http://localhost:3000/search?q=%D0%90%D1%80%D0%BC%D0%B0%D1%82%D1%83%D1%80%D0%B0","ts":"2026-02-28T15:49:36.819Z"}
{"source":"web","eventName":"product_card_viewed","payload":{"product_id":"armatura-a3-16mm","company_id":"c_mega_import","category_id":"rebar"},"pageUrl":"http://localhost:3000/search?q=%D0%90%D1%80%D0%BC%D0%B0%D1%82%D1%83%D1%80%D0%B0","ts":"2026-02-28T15:49:36.821Z"}
{"source":"web","eventName":"page_view","payload":{"page_path":"/search","page_query":"q=%D0%90%D1%80%D0%BC%D0%B0%D1%82%D1%83%D1%80%D0%B0"},"pageUrl":"http://localhost:3000/search?q=%D0%90%D1%80%D0%BC%D0%B0%D1%82%D1%83%D1%80%D0%B0","ts":"2026-02-28T15:51:56.831Z"}
{"source":"web","eventName":"search_results_viewed","payload":{"total_results":3,"category_id":"rebar","has_query":true},"pageUrl":"http://localhost:3000/search?q=%D0%90%D1%80%D0%BC%D0%B0%D1%82%D1%83%D1%80%D0%B0","ts":"2026-02-28T15:52:36.247Z"}
{"source":"web","eventName":"product_card_viewed","payload":{"product_id":"armatura-a3-10mm","company_id":"c_mega_import","category_id":"rebar"},"pageUrl":"http://localhost:3000/search?q=%D0%90%D1%80%D0%BC%D0%B0%D1%82%D1%83%D1%80%D0%B0","ts":"2026-02-28T15:52:36.369Z"}
{"source":"web","eventName":"product_card_viewed","payload":{"product_id":"armatura-a3-12mm","company_id":"cmm6dg3ub0009f2l6i5kdyu50","category_id":"rebar"},"pageUrl":"http://localhost:3000/search?q=%D0%90%D1%80%D0%BC%D0%B0%D1%82%D1%83%D1%80%D0%B0","ts":"2026-02-28T15:52:36.373Z"}
{"source":"web","eventName":"product_card_viewed","payload":{"product_id":"armatura-a3-16mm","company_id":"c_mega_import","category_id":"rebar"},"pageUrl":"http://localhost:3000/search?q=%D0%90%D1%80%D0%BC%D0%B0%D1%82%D1%83%D1%80%D0%B0","ts":"2026-02-28T15:52:36.376Z"}
{"source":"web","eventName":"page_view","payload":{"page_path":"/","page_query":""},"pageUrl":"http://localhost:3000/","ts":"2026-02-28T15:54:42.885Z"}
{"source":"web","eventName":"page_view","payload":{"page_path":"/search","page_query":"q=%D0%90%D1%80%D0%BC%D0%B0%D1%82%D1%83%D1%80%D0%B0%2016%D0%BC%D0%BC"},"pageUrl":"http://localhost:3000/search?q=%D0%90%D1%80%D0%BC%D0%B0%D1%82%D1%83%D1%80%D0%B0%2016%D0%BC%D0%BC","ts":"2026-02-28T15:56:31.278Z"}
{"source":"web","eventName":"search_results_viewed","payload":{"total_results":3,"category_id":"rebar","has_query":true},"pageUrl":"http://localhost:3000/search?q=%D0%90%D1%80%D0%BC%D0%B0%D1%82%D1%83%D1%80%D0%B0%2016%D0%BC%D0%BC","ts":"2026-02-28T15:56:43.593Z"}
{"source":"web","eventName":"product_card_viewed","payload":{"product_id":"armatura-a3-10mm","company_id":"c_mega_import","category_id":"rebar"},"pageUrl":"http://localhost:3000/search?q=%D0%90%D1%80%D0%BC%D0%B0%D1%82%D1%83%D1%80%D0%B0%2016%D0%BC%D0%BC","ts":"2026-02-28T15:56:43.889Z"}
{"source":"web","eventName":"product_card_viewed","payload":{"product_id":"armatura-a3-12mm","company_id":"cmm6dg3ub0009f2l6i5kdyu50","category_id":"rebar"},"pageUrl":"http://localhost:3000/search?q=%D0%90%D1%80%D0%BC%D0%B0%D1%82%D1%83%D1%80%D0%B0%2016%D0%BC%D0%BC","ts":"2026-02-28T15:56:43.892Z"}
{"source":"web","eventName":"product_card_viewed","payload":{"product_id":"armatura-a3-16mm","company_id":"c_mega_import","category_id":"rebar"},"pageUrl":"http://localhost:3000/search?q=%D0%90%D1%80%D0%BC%D0%B0%D1%82%D1%83%D1%80%D0%B0%2016%D0%BC%D0%BC","ts":"2026-02-28T15:56:43.895Z"}
{"source":"web","eventName":"page_view","payload":{"page_path":"/","page_query":""},"pageUrl":"http://localhost:3000/","ts":"2026-02-28T15:58:40.387Z"}
{"source":"web","eventName":"page_view","payload":{"page_path":"/product/armatura-a3-16mm","page_query":""},"pageUrl":"http://localhost:3000/product/armatura-a3-16mm","ts":"2026-02-28T16:05:17.248Z"}
{"source":"web","eventName":"page_view","payload":{"page_path":"/","page_query":""},"pageUrl":"http://localhost:3000/","ts":"2026-02-28T16:06:44.094Z"}
{"source":"web","eventName":"page_view","payload":{"page_path":"/","page_query":""},"pageUrl":"http://localhost:3000/","ts":"2026-02-28T16:40:04.914Z"}
{"source":"web","eventName":"page_view","payload":{"page_path":"/","page_query":""},"pageUrl":"http://localhost:3000/","ts":"2026-02-28T16:43:32.643Z"}
{"source":"web","eventName":"page_view","payload":{"page_path":"/","page_query":""},"pageUrl":"http://localhost:3000/","ts":"2026-02-28T16:46:31.405Z"}
{"source":"web","eventName":"page_view","payload":{"page_path":"/","page_query":""},"pageUrl":"http://localhost:3000/","ts":"2026-02-28T16:49:29.146Z"}
{"source":"web","eventName":"page_view","payload":{"page_path":"/","page_query":""},"pageUrl":"http://localhost:3000/","ts":"2026-02-28T16:50:34.920Z"}
{"source":"web","eventName":"page_view","payload":{"page_path":"/","page_query":""},"pageUrl":"http://localhost:3000/","ts":"2026-02-28T16:54:46.786Z"}
{"source":"web","eventName":"page_view","payload":{"page_path":"/","page_query":""},"pageUrl":"http://localhost:3000/","ts":"2026-02-28T16:58:55.030Z"}
{"source":"web","eventName":"page_view","payload":{"page_path":"/","page_query":""},"pageUrl":"http://localhost:3000/","ts":"2026-02-28T16:59:05.879Z"}
{"source":"web","eventName":"page_view","payload":{"page_path":"/ai-estimator","page_query":""},"pageUrl":"http://localhost:3000/ai-estimator","ts":"2026-02-28T16:59:42.339Z"}
{"source":"web","eventName":"page_view","payload":{"page_path":"/","page_query":""},"pageUrl":"http://localhost:3000/","ts":"2026-02-28T16:59:52.939Z"}
{"source":"web","eventName":"page_view","payload":{"page_path":"/","page_query":""},"pageUrl":"http://localhost:3000/","ts":"2026-02-28T17:01:02.429Z"}
{"source":"web","eventName":"page_view","payload":{"page_path":"/","page_query":""},"pageUrl":"http://localhost:3000/","ts":"2026-02-28T17:02:48.147Z"}
{"source":"web","eventName":"page_view","payload":{"page_path":"/","page_query":""},"pageUrl":"http://localhost:3000/","ts":"2026-02-28T17:04:06.506Z"}
{"source":"web","eventName":"page_view","payload":{"page_path":"/","page_query":""},"pageUrl":"http://localhost:3000/","ts":"2026-02-28T17:05:01.002Z"}
{"source":"web","eventName":"page_view","payload":{"page_path":"/","page_query":""},"pageUrl":"http://localhost:3000/","ts":"2026-02-28T17:09:15.957Z"}
{"source":"web","eventName":"page_view","payload":{"page_path":"/ai-estimator","page_query":""},"pageUrl":"http://localhost:3000/ai-estimator","ts":"2026-02-28T17:09:41.872Z"}
{"source":"web","eventName":"page_view","payload":{"page_path":"/","page_query":""},"pageUrl":"http://localhost:3000/","ts":"2026-02-28T17:12:45.960Z"}
{"source":"web","eventName":"page_view","payload":{"page_path":"/ai-estimator","page_query":""},"pageUrl":"http://localhost:3000/ai-estimator","ts":"2026-02-28T17:13:17.113Z"}
{"source":"web","eventName":"page_view","payload":{"page_path":"/","page_query":""},"pageUrl":"http://localhost:3000/","ts":"2026-02-28T17:26:27.112Z"}
{"source":"web","eventName":"page_view","payload":{"page_path":"/search","page_query":""},"pageUrl":"http://localhost:3000/search?q=%D0%91%D0%B5%D1%82%D0%BE%D0%BD%20%D0%9C300","ts":"2026-02-28T17:26:54.547Z"}
{"source":"web","eventName":"search_results_viewed","payload":{"total_results":1,"category_id":"concrete","has_query":true},"pageUrl":"http://localhost:3000/search?q=%D0%91%D0%B5%D1%82%D0%BE%D0%BD%20%D0%9C300","ts":"2026-02-28T17:27:01.863Z"}
{"source":"web","eventName":"product_card_viewed","payload":{"product_id":"beton-m300-p3-w6","company_id":"c_mega_import","category_id":"concrete"},"pageUrl":"http://localhost:3000/search?q=%D0%91%D0%B5%D1%82%D0%BE%D0%BD%20%D0%9C300","ts":"2026-02-28T17:27:01.974Z"}
{"source":"web","eventName":"search_results_viewed","payload":{"total_results":1,"category_id":"concrete","has_query":true},"pageUrl":"http://localhost:3000/search?q=%D0%91%D0%B5%D1%82%D0%BE%D0%BD%20%D0%9C300","ts":"2026-02-28T17:27:06.767Z"}
{"source":"web","eventName":"page_view","payload":{"page_path":"/","page_query":""},"pageUrl":"http://localhost:3000/","ts":"2026-02-28T17:27:07.960Z"}
{"source":"web","eventName":"page_view","payload":{"page_path":"/","page_query":""},"pageUrl":"http://localhost:3000/","ts":"2026-02-28T17:43:49.302Z"}
{"source":"web","eventName":"page_view","payload":{"page_path":"/catalog/krovlya-i-fasady","page_query":""},"pageUrl":"http://localhost:3000/catalog/krovlya-i-fasady","ts":"2026-02-28T17:44:18.297Z"}
{"source":"web","eventName":"page_view","payload":{"page_path":"/ai-estimator","page_query":""},"pageUrl":"http://localhost:3000/ai-estimator","ts":"2026-02-28T17:44:25.163Z"}
{"source":"web","eventName":"page_view","payload":{"page_path":"/","page_query":""},"pageUrl":"http://localhost:3000/","ts":"2026-02-28T17:44:39.754Z"}
{"source":"web","eventName":"page_view","payload":{"page_path":"/","page_query":""},"pageUrl":"http://localhost:3000/","ts":"2026-02-28T17:47:48.364Z"}
{"source":"web","eventName":"page_view","payload":{"page_path":"/","page_query":""},"pageUrl":"http://localhost:3000/","ts":"2026-02-28T17:51:37.456Z"}
{"source":"web","eventName":"page_view","payload":{"page_path":"/","page_query":""},"pageUrl":"http://localhost:3000/","ts":"2026-02-28T17:55:10.945Z"}
{"source":"web","eventName":"page_view","payload":{"page_path":"/product/gazoblok-d500-600-300-200","page_query":""},"pageUrl":"http://localhost:3000/product/gazoblok-d500-600-300-200","ts":"2026-02-28T17:55:58.410Z"}
{"source":"web","eventName":"page_view","payload":{"page_path":"/","page_query":""},"pageUrl":"http://localhost:3000/","ts":"2026-02-28T17:56:07.276Z"}
{"source":"web","eventName":"page_view","payload":{"page_path":"/","page_query":""},"pageUrl":"http://localhost:3000/","ts":"2026-02-28T17:57:50.601Z"}
{"source":"web","eventName":"page_view","payload":{"page_path":"/","page_query":""},"pageUrl":"http://localhost:3000/","ts":"2026-02-28T17:58:55.608Z"}
{"source":"web","eventName":"page_view","payload":{"page_path":"/","page_query":""},"pageUrl":"http://localhost:3000/","ts":"2026-02-28T18:03:03.360Z"}
{"source":"web","eventName":"page_view","payload":{"page_path":"/","page_query":""},"pageUrl":"http://172.20.10.2:3000/","ts":"2026-02-28T18:03:30.380Z"}
{"source":"web","eventName":"page_view","payload":{"page_path":"/product/truba-prof-40-20-2mm","page_query":""},"pageUrl":"http://172.20.10.2:3000/product/truba-prof-40-20-2mm","ts":"2026-02-28T18:04:20.347Z"}
{"source":"web","eventName":"page_view","payload":{"page_path":"/","page_query":""},"pageUrl":"http://172.20.10.2:3000/","ts":"2026-02-28T18:04:45.044Z"}
{"source":"web","eventName":"page_view","payload":{"page_path":"/catalog/stroitelstvo","page_query":""},"pageUrl":"http://172.20.10.2:3000/catalog/stroitelstvo","ts":"2026-02-28T18:04:51.814Z"}
{"source":"web","eventName":"page_view","payload":{"page_path":"/search","page_query":""},"pageUrl":"http://172.20.10.2:3000/search","ts":"2026-02-28T18:08:37.166Z"}
{"source":"web","eventName":"page_view","payload":{"page_path":"/search","page_query":""},"pageUrl":"http://localhost:3000/search","ts":"2026-02-28T18:09:30.431Z"}
{"source":"web","eventName":"page_view","payload":{"page_path":"/","page_query":""},"pageUrl":"http://localhost:3000/","ts":"2026-02-28T18:09:51.370Z"}
{"source":"web","eventName":"page_view","payload":{"page_path":"/catalog/otdelka","page_query":""},"pageUrl":"http://localhost:3000/catalog/otdelka","ts":"2026-02-28T18:09:55.583Z"}
{"source":"web","eventName":"page_view","payload":{"page_path":"/","page_query":""},"pageUrl":"http://172.20.10.2:3000/#categories","ts":"2026-02-28T18:10:46.395Z"}
{"source":"web","eventName":"page_view","payload":{"page_path":"/catalog/krovlya-i-fasady","page_query":""},"pageUrl":"http://172.20.10.2:3000/catalog/krovlya-i-fasady","ts":"2026-02-28T18:10:49.699Z"}
{"source":"web","eventName":"page_view","payload":{"page_path":"/catalog/krovelnye-materialy","page_query":""},"pageUrl":"http://172.20.10.2:3000/catalog/krovelnye-materialy","ts":"2026-02-28T18:11:09.999Z"}
{"source":"web","eventName":"page_view","payload":{"page_path":"/catalog/metallocherepicsa","page_query":""},"pageUrl":"http://172.20.10.2:3000/catalog/metallocherepicsa","ts":"2026-02-28T18:11:16.090Z"}
{"source":"web","eventName":"page_view","payload":{"page_path":"/catalog/krovelnye-materialy","page_query":""},"pageUrl":"http://172.20.10.2:3000/catalog/krovelnye-materialy","ts":"2026-02-28T18:11:22.074Z"}
{"source":"web","eventName":"page_view","payload":{"page_path":"/catalog/krovlya-i-fasady","page_query":""},"pageUrl":"http://172.20.10.2:3000/catalog/krovlya-i-fasady","ts":"2026-02-28T18:11:22.844Z"}
{"source":"web","eventName":"page_view","payload":{"page_path":"/catalog/krovelnye-materialy","page_query":""},"pageUrl":"http://172.20.10.2:3000/catalog/krovelnye-materialy","ts":"2026-02-28T18:11:29.534Z"}
{"source":"web","eventName":"page_view","payload":{"page_path":"/catalog/sypuchie-materialy","page_query":""},"pageUrl":"http://172.20.10.2:3000/catalog/sypuchie-materialy","ts":"2026-02-28T18:11:37.033Z"}
{"source":"web","eventName":"page_view","payload":{"page_path":"/catalog/pesok","page_query":""},"pageUrl":"http://172.20.10.2:3000/catalog/pesok","ts":"2026-02-28T18:11:39.220Z"}
{"source":"web","eventName":"page_view","payload":{"page_path":"/dashboard/client","page_query":""},"pageUrl":"http://172.20.10.2:3000/dashboard/client","ts":"2026-02-28T18:12:10.471Z"}
{"source":"web","eventName":"page_view","payload":{"page_path":"/catalog/pesok","page_query":""},"pageUrl":"http://172.20.10.2:3000/catalog/pesok","ts":"2026-02-28T18:12:17.694Z"}
{"source":"web","eventName":"page_view","payload":{"page_path":"/catalog/sypuchie-materialy","page_query":""},"pageUrl":"http://172.20.10.2:3000/catalog/sypuchie-materialy","ts":"2026-02-28T18:12:18.778Z"}
{"source":"web","eventName":"page_view","payload":{"page_path":"/","page_query":""},"pageUrl":"http://172.20.10.2:3000/","ts":"2026-02-28T18:12:22.567Z"}
{"source":"web","eventName":"page_view","payload":{"page_path":"/product/truba-prof-60-40-2mm","page_query":""},"pageUrl":"http://172.20.10.2:3000/product/truba-prof-60-40-2mm","ts":"2026-02-28T18:12:27.705Z"}
{"source":"web","eventName":"page_view","payload":{"page_path":"/","page_query":""},"pageUrl":"http://172.20.10.2:3000/","ts":"2026-02-28T18:13:15.575Z"}
{"source":"web","eventName":"page_view","payload":{"page_path":"/","page_query":""},"pageUrl":"http://172.20.10.2:3000/","ts":"2026-02-28T18:13:16.991Z"}
{"source":"web","eventName":"page_view","payload":{"page_path":"/","page_query":""},"pageUrl":"http://localhost:3000/","ts":"2026-02-28T18:19:49.584Z"}
{"source":"web","eventName":"page_view","payload":{"page_path":"/product/truba-prof-80-80-3mm","page_query":""},"pageUrl":"http://localhost:3000/product/truba-prof-80-80-3mm","ts":"2026-02-28T18:20:10.314Z"}
{"source":"web","eventName":"page_view","payload":{"page_path":"/product/truba-prof-80-80-3mm","page_query":""},"pageUrl":"http://localhost:3000/product/truba-prof-80-80-3mm","ts":"2026-02-28T18:23:31.147Z"}
{"source":"web","eventName":"page_view","payload":{"page_path":"/","page_query":""},"pageUrl":"http://localhost:3000/","ts":"2026-02-28T18:24:09.792Z"}
{"source":"web","eventName":"page_view","payload":{"page_path":"/","page_query":""},"pageUrl":"http://localhost:3000/","ts":"2026-02-28T18:43:49.760Z"}
{"source":"web","eventName":"page_view","payload":{"page_path":"/catalog","page_query":""},"pageUrl":"http://localhost:3000/catalog","ts":"2026-02-28T18:43:58.210Z"}
{"source":"web","eventName":"page_view","payload":{"page_path":"/","page_query":""},"pageUrl":"http://localhost:3000/","ts":"2026-02-28T18:44:05.591Z"}
{"source":"web","eventName":"page_view","payload":{"page_path":"/catalog/otdelka","page_query":""},"pageUrl":"http://localhost:3000/catalog/otdelka","ts":"2026-02-28T18:44:15.157Z"}
{"source":"web","eventName":"page_view","payload":{"page_path":"/catalog/suhie-smesi","page_query":""},"pageUrl":"http://localhost:3000/catalog/suhie-smesi","ts":"2026-02-28T18:44:24.859Z"}
{"source":"web","eventName":"page_view","payload":{"page_path":"/catalog/shtukaturki","page_query":""},"pageUrl":"http://localhost:3000/catalog/shtukaturki","ts":"2026-02-28T18:44:37.730Z"}
{"source":"web","eventName":"page_view","payload":{"page_path":"/","page_query":""},"pageUrl":"http://localhost:3000/","ts":"2026-02-28T18:44:49.480Z"}
{"source":"web","eventName":"page_view","payload":{"page_path":"/catalog/stroitelstvo","page_query":""},"pageUrl":"http://localhost:3000/catalog/stroitelstvo","ts":"2026-02-28T18:44:59.738Z"}
{"source":"web","eventName":"page_view","payload":{"page_path":"/catalog/stenovye-materialy","page_query":""},"pageUrl":"http://localhost:3000/catalog/stenovye-materialy","ts":"2026-02-28T18:45:09.803Z"}
{"source":"web","eventName":"page_view","payload":{"page_path":"/catalog/gazobloki","page_query":""},"pageUrl":"http://localhost:3000/catalog/gazobloki","ts":"2026-02-28T18:45:23.975Z"}
{"source":"web","eventName":"page_view","payload":{"page_path":"/search","page_query":""},"pageUrl":"http://localhost:3000/search","ts":"2026-02-28T18:45:40.063Z"}
{"source":"web","eventName":"page_view","payload":{"page_path":"/search","page_query":"category=shtukaturki"},"pageUrl":"http://localhost:3000/search?category=shtukaturki","ts":"2026-02-28T18:45:47.523Z"}
{"source":"web","eventName":"search_results_viewed","payload":{"total_results":3,"category_id":"shtukaturki","has_query":false},"pageUrl":"http://localhost:3000/search?category=shtukaturki","ts":"2026-02-28T18:45:53.174Z"}
{"source":"web","eventName":"product_card_viewed","payload":{"product_id":"knauf-rotband-30kg","company_id":"cmm6dgf7q000lf2l6mjn6flw1","category_id":"shtukaturki"},"pageUrl":"http://localhost:3000/search?category=shtukaturki","ts":"2026-02-28T18:45:53.219Z"}
{"source":"web","eventName":"page_view","payload":{"page_path":"/search","page_query":""},"pageUrl":"http://localhost:3000/search","ts":"2026-02-28T18:48:11.477Z"}
{"source":"web","eventName":"page_view","payload":{"page_path":"/catalog/gazobloki","page_query":""},"pageUrl":"http://localhost:3000/catalog/gazobloki","ts":"2026-02-28T18:48:14.684Z"}
{"source":"web","eventName":"page_view","payload":{"page_path":"/","page_query":""},"pageUrl":"http://localhost:3000/","ts":"2026-02-28T18:48:20.661Z"}
{"source":"web","eventName":"page_view","payload":{"page_path":"/","page_query":""},"pageUrl":"http://localhost:3000/","ts":"2026-02-28T19:00:20.411Z"}
{"source":"web","eventName":"page_view","payload":{"page_path":"/partners","page_query":""},"pageUrl":"http://localhost:3000/partners","ts":"2026-02-28T19:00:33.369Z"}
{"source":"web","eventName":"page_view","payload":{"page_path":"/","page_query":""},"pageUrl":"http://localhost:3000/","ts":"2026-02-28T19:00:49.061Z"}
{"source":"web","eventName":"page_view","payload":{"page_path":"/product/truba-profilnaya-80x80x3mm-6m","page_query":""},"pageUrl":"http://localhost:3000/product/truba-profilnaya-80x80x3mm-6m","ts":"2026-02-28T19:01:15.014Z"}
{"source":"web","eventName":"page_view","payload":{"page_path":"/catalog/stroitelnye-materialy","page_query":""},"pageUrl":"http://localhost:3000/catalog/stroitelnye-materialy","ts":"2026-02-28T19:01:22.039Z"}
{"source":"web","eventName":"page_view","payload":{"page_path":"/","page_query":""},"pageUrl":"http://localhost:3000/","ts":"2026-02-28T19:01:28.747Z"}
{"source":"web","eventName":"page_view","payload":{"page_path":"/product/truba-prof-40-20-2mm","page_query":""},"pageUrl":"http://localhost:3000/product/truba-prof-40-20-2mm","ts":"2026-02-28T19:01:49.964Z"}
{"source":"web","eventName":"page_view","payload":{"page_path":"/catalog/metalloprokat","page_query":""},"pageUrl":"http://localhost:3000/catalog/metalloprokat","ts":"2026-02-28T19:01:58.460Z"}
{"source":"web","eventName":"page_view","payload":{"page_path":"/product/truba-prof-40-20-2mm","page_query":""},"pageUrl":"http://localhost:3000/product/truba-prof-40-20-2mm","ts":"2026-02-28T19:02:07.106Z"}
{"source":"web","eventName":"page_view","payload":{"page_path":"/","page_query":""},"pageUrl":"http://localhost:3000/","ts":"2026-02-28T19:05:37.815Z"}
{"source":"web","eventName":"page_view","payload":{"page_path":"/catalog/suhie-smesi","page_query":""},"pageUrl":"http://localhost:3000/catalog/suhie-smesi","ts":"2026-02-28T19:05:44.990Z"}
{"source":"web","eventName":"page_view","payload":{"page_path":"/","page_query":""},"pageUrl":"http://localhost:3000/#categories","ts":"2026-02-28T19:05:51.413Z"}
{"source":"web","eventName":"page_view","payload":{"page_path":"/product/truba-prof-40-20-2mm","page_query":""},"pageUrl":"http://localhost:3000/product/truba-prof-40-20-2mm","ts":"2026-02-28T19:05:55.945Z"}
{"source":"web","eventName":"page_view","payload":{"page_path":"/search","page_query":""},"pageUrl":"http://localhost:3000/search","ts":"2026-02-28T19:06:04.750Z"}
{"source":"web","eventName":"page_view","payload":{"page_path":"/","page_query":""},"pageUrl":"http://localhost:3000/#categories","ts":"2026-02-28T19:06:31.062Z"}
{"source":"web","eventName":"page_view","payload":{"page_path":"/search","page_query":""},"pageUrl":"http://localhost:3000/search","ts":"2026-02-28T19:07:12.062Z"}
{"source":"web","eventName":"page_view","payload":{"page_path":"/ai-estimator","page_query":""},"pageUrl":"http://localhost:3000/ai-estimator","ts":"2026-02-28T19:07:18.988Z"}
{"source":"web","eventName":"page_view","payload":{"page_path":"/","page_query":""},"pageUrl":"http://localhost:3000/#categories","ts":"2026-02-28T19:07:53.757Z"}
{"source":"web","eventName":"page_view","payload":{"page_path":"/","page_query":""},"pageUrl":"http://localhost:3000/","ts":"2026-02-28T19:14:18.490Z"}
{"source":"web","eventName":"page_view","payload":{"page_path":"/","page_query":""},"pageUrl":"http://localhost:3000/","ts":"2026-02-28T19:14:39.965Z"}
{"source":"web","eventName":"page_view","payload":{"page_path":"/catalog","page_query":""},"pageUrl":"http://localhost:3000/catalog","ts":"2026-02-28T19:15:05.358Z"}
{"source":"web","eventName":"page_view","payload":{"page_path":"/product/truba-profilnaya-80x80x3mm-6m","page_query":""},"pageUrl":"http://localhost:3000/product/truba-profilnaya-80x80x3mm-6m","ts":"2026-02-28T19:15:16.685Z"}
{"source":"web","eventName":"page_view","payload":{"page_path":"/catalog/metalloprokat","page_query":""},"pageUrl":"http://localhost:3000/catalog/metalloprokat","ts":"2026-02-28T19:15:23.257Z"}
{"source":"web","eventName":"page_view","payload":{"page_path":"/catalog/armatura","page_query":""},"pageUrl":"http://localhost:3000/catalog/armatura","ts":"2026-02-28T19:15:30.524Z"}
{"source":"web","eventName":"page_view","payload":{"page_path":"/search","page_query":""},"pageUrl":"http://localhost:3000/search?category=armatura","ts":"2026-02-28T19:15:31.267Z"}
{"source":"web","eventName":"page_view","payload":{"page_path":"/search","page_query":"q=%D0%B0%D1%80%D0%BC%D0%B0%D1%82%D1%83%D1%80%D0%B0"},"pageUrl":"http://localhost:3000/search?q=%D0%B0%D1%80%D0%BC%D0%B0%D1%82%D1%83%D1%80%D0%B0","ts":"2026-02-28T19:15:35.764Z"}
{"source":"web","eventName":"search_results_viewed","payload":{"total_results":3,"category_id":"rebar","has_query":true},"pageUrl":"http://localhost:3000/search?q=%D0%B0%D1%80%D0%BC%D0%B0%D1%82%D1%83%D1%80%D0%B0","ts":"2026-02-28T19:15:43.315Z"}
{"source":"web","eventName":"product_card_viewed","payload":{"product_id":"armatura-a3-10mm","company_id":"c_mega_import","category_id":"rebar"},"pageUrl":"http://localhost:3000/search?q=%D0%B0%D1%80%D0%BC%D0%B0%D1%82%D1%83%D1%80%D0%B0","ts":"2026-02-28T19:15:43.609Z"}
{"source":"web","eventName":"product_card_viewed","payload":{"product_id":"armatura-a3-12mm","company_id":"cmm6dg3ub0009f2l6i5kdyu50","category_id":"rebar"},"pageUrl":"http://localhost:3000/search?q=%D0%B0%D1%80%D0%BC%D0%B0%D1%82%D1%83%D1%80%D0%B0","ts":"2026-02-28T19:15:43.610Z"}
{"source":"web","eventName":"product_card_viewed","payload":{"product_id":"armatura-a3-16mm","company_id":"c_mega_import","category_id":"rebar"},"pageUrl":"http://localhost:3000/search?q=%D0%B0%D1%80%D0%BC%D0%B0%D1%82%D1%83%D1%80%D0%B0","ts":"2026-02-28T19:15:43.610Z"}
{"source":"web","eventName":"page_view","payload":{"page_path":"/product/armatura-a3-10mm","page_query":""},"pageUrl":"http://localhost:3000/product/armatura-a3-10mm","ts":"2026-02-28T19:16:14.832Z"}
{"source":"web","eventName":"page_view","payload":{"page_path":"/","page_query":""},"pageUrl":"http://localhost:3000/","ts":"2026-02-28T19:16:40.116Z"}
{"source":"web","eventName":"page_view","payload":{"page_path":"/catalog","page_query":""},"pageUrl":"http://localhost:3000/catalog","ts":"2026-02-28T19:16:46.573Z"}
{"source":"web","eventName":"page_view","payload":{"page_path":"/product/armatura-a3-10mm","page_query":""},"pageUrl":"http://localhost:3000/product/armatura-a3-10mm","ts":"2026-02-28T19:16:48.661Z"}
{"source":"web","eventName":"page_view","payload":{"page_path":"/product/truba-profilnaya-80x80x3mm-6m","page_query":""},"pageUrl":"http://localhost:3000/product/truba-profilnaya-80x80x3mm-6m","ts":"2026-02-28T19:25:44.527Z"}
{"source":"web","eventName":"page_view","payload":{"page_path":"/","page_query":""},"pageUrl":"http://localhost:3000/","ts":"2026-02-28T19:25:49.381Z"}
{"source":"web","eventName":"page_view","payload":{"page_path":"/catalog/metalloprokat","page_query":""},"pageUrl":"http://localhost:3000/catalog/metalloprokat","ts":"2026-02-28T19:25:58.106Z"}
{"source":"web","eventName":"page_view","payload":{"page_path":"/catalog/truby","page_query":""},"pageUrl":"http://localhost:3000/catalog/truby","ts":"2026-02-28T19:26:05.201Z"}
{"source":"web","eventName":"page_view","payload":{"page_path":"/search","page_query":""},"pageUrl":"http://localhost:3000/search?category=truby","ts":"2026-02-28T19:26:05.416Z"}
{"source":"web","eventName":"search_results_viewed","payload":{"total_results":1,"category_id":"truby","has_query":false},"pageUrl":"http://localhost:3000/search?category=truby","ts":"2026-02-28T19:26:10.325Z"}
{"source":"web","eventName":"product_card_viewed","payload":{"product_id":"truba-prof-40-20-2mm","company_id":"c_mega_import","category_id":"truby"},"pageUrl":"http://localhost:3000/search?category=truby","ts":"2026-02-28T19:26:10.368Z"}
{"source":"web","eventName":"product_card_viewed","payload":{"product_id":"truba-prof-40-40-2mm","company_id":"c_mega_import","category_id":"truby"},"pageUrl":"http://localhost:3000/search?category=truby","ts":"2026-02-28T19:26:10.369Z"}
{"source":"web","eventName":"product_card_viewed","payload":{"product_id":"truba-prof-60-40-2mm","company_id":"c_mega_import","category_id":"truby"},"pageUrl":"http://localhost:3000/search?category=truby","ts":"2026-02-28T19:26:10.370Z"}
{"source":"web","eventName":"product_card_viewed","payload":{"product_id":"truba-prof-80-80-3mm","company_id":"c_mega_import","category_id":"truby"},"pageUrl":"http://localhost:3000/search?category=truby","ts":"2026-02-28T19:26:10.371Z"}
{"source":"web","eventName":"search_results_viewed","payload":{"total_results":1,"category_id":"truby","has_query":false},"pageUrl":"http://localhost:3000/search?category=truby","ts":"2026-02-28T19:26:14.014Z"}
{"source":"web","eventName":"page_view","payload":{"page_path":"/product/truba-prof-80-80-3mm","page_query":""},"pageUrl":"http://localhost:3000/product/truba-prof-80-80-3mm","ts":"2026-02-28T19:27:27.037Z"}
{"source":"web","eventName":"page_view","payload":{"page_path":"/search","page_query":"category=truby"},"pageUrl":"http://localhost:3000/search?category=truby","ts":"2026-02-28T19:27:43.480Z"}
{"source":"web","eventName":"search_results_viewed","payload":{"total_results":1,"category_id":"truby","has_query":false},"pageUrl":"http://localhost:3000/search?category=truby","ts":"2026-02-28T19:27:48.382Z"}
{"source":"web","eventName":"product_card_viewed","payload":{"product_id":"truba-prof-40-20-2mm","company_id":"c_mega_import","category_id":"truby"},"pageUrl":"http://localhost:3000/search?category=truby","ts":"2026-02-28T19:27:48.413Z"}
{"source":"web","eventName":"product_card_viewed","payload":{"product_id":"truba-prof-40-40-2mm","company_id":"c_mega_import","category_id":"truby"},"pageUrl":"http://localhost:3000/search?category=truby","ts":"2026-02-28T19:27:48.414Z"}
{"source":"web","eventName":"product_card_viewed","payload":{"product_id":"truba-prof-60-40-2mm","company_id":"c_mega_import","category_id":"truby"},"pageUrl":"http://localhost:3000/search?category=truby","ts":"2026-02-28T19:27:48.416Z"}
{"source":"web","eventName":"product_card_viewed","payload":{"product_id":"truba-prof-80-80-3mm","company_id":"c_mega_import","category_id":"truby"},"pageUrl":"http://localhost:3000/search?category=truby","ts":"2026-02-28T19:27:48.418Z"}
{"source":"web","eventName":"page_view","payload":{"page_path":"/product/truba-prof-80-80-3mm","page_query":""},"pageUrl":"http://localhost:3000/product/truba-prof-80-80-3mm","ts":"2026-02-28T19:28:04.952Z"}
{"source":"web","eventName":"page_view","payload":{"page_path":"/search","page_query":"category=truby"},"pageUrl":"http://localhost:3000/search?category=truby","ts":"2026-02-28T19:28:21.952Z"}
{"source":"web","eventName":"search_results_viewed","payload":{"total_results":1,"category_id":"truby","has_query":false},"pageUrl":"http://localhost:3000/search?category=truby","ts":"2026-02-28T19:28:26.362Z"}
{"source":"web","eventName":"product_card_viewed","payload":{"product_id":"truba-prof-40-20-2mm","company_id":"c_mega_import","category_id":"truby"},"pageUrl":"http://localhost:3000/search?category=truby","ts":"2026-02-28T19:28:26.394Z"}
{"source":"web","eventName":"product_card_viewed","payload":{"product_id":"truba-prof-40-40-2mm","company_id":"c_mega_import","category_id":"truby"},"pageUrl":"http://localhost:3000/search?category=truby","ts":"2026-02-28T19:28:26.395Z"}
{"source":"web","eventName":"product_card_viewed","payload":{"product_id":"truba-prof-60-40-2mm","company_id":"c_mega_import","category_id":"truby"},"pageUrl":"http://localhost:3000/search?category=truby","ts":"2026-02-28T19:28:26.397Z"}
{"source":"web","eventName":"product_card_viewed","payload":{"product_id":"truba-prof-80-80-3mm","company_id":"c_mega_import","category_id":"truby"},"pageUrl":"http://localhost:3000/search?category=truby","ts":"2026-02-28T19:28:26.399Z"}
{"source":"web","eventName":"page_view","payload":{"page_path":"/product/truba-prof-80-80-3mm","page_query":""},"pageUrl":"http://localhost:3000/product/truba-prof-80-80-3mm","ts":"2026-02-28T19:28:45.174Z"}
